2023-03-06 09:42:22,396 INFO B.BaseTest [main] SUIT STARTED
2023-03-06 09:42:22,758 INFO D.BrowserConfiguration [main] Browser config init from resources\browser_config.json
2023-03-06 09:42:22,759 INFO D.Driver [main] CHROME Browser init
2023-03-06 09:42:26,334 INFO B.BaseTest [main] TEST ALERTS STARTED
2023-03-06 09:42:26,337 INFO B.BaseForm [main] Home page instance created with BaseForm constructor
2023-03-06 09:42:26,341 INFO B.BaseElement [main] List of cards on Home Page instance created with BaseElement constructor
2023-03-06 09:42:26,343 INFO B.BaseForm [main] Workspace Page instance created with BaseForm constructor
2023-03-06 09:42:26,343 INFO B.BaseElement [main] nav-menu instance created with BaseElement constructor
2023-03-06 09:42:26,343 INFO B.BaseElement [main] DropDown navigation list instance created with BaseElement constructor
2023-03-06 09:42:26,345 INFO B.BaseForm [main] Alert form instance created with BaseForm constructor
2023-03-06 09:42:26,346 INFO B.BaseElement [main] Button shows alert instance created with BaseElement constructor
2023-03-06 09:42:26,347 INFO B.BaseElement [main] Button shows confirm alert instance created with BaseElement constructor
2023-03-06 09:42:26,348 INFO B.BaseElement [main] Confirm result instance created with BaseElement constructor
2023-03-06 09:42:26,348 INFO B.BaseElement [main] Button shows promt alert instance created with BaseElement constructor
2023-03-06 09:42:26,348 INFO B.BaseElement [main] Prompt result instance created with BaseElement constructor
2023-03-06 09:42:29,649 INFO B.BaseForm [main] Home page opened
2023-03-06 09:42:29,694 INFO B.BaseTest [main] ASSERT 1 - Home Page opened
2023-03-06 09:42:29,696 INFO B.BaseElement [main] Alerts instance created with BaseElement constructor
2023-03-06 09:42:29,761 INFO B.BaseElement [main] Alerts instance created with BaseElement constructor
2023-03-06 09:42:29,933 INFO B.BaseForm [main] Workspace Page opened
2023-03-06 09:42:30,165 INFO B.BaseElement [main] Alerts instance created with BaseElement constructor
2023-03-06 09:42:30,273 INFO B.BaseElement [main] Alerts instance created with BaseElement constructor
2023-03-06 09:42:30,749 INFO B.BaseElement [main] Alerts clicked
2023-03-06 09:42:30,749 INFO B.BaseForm [main] Alert form opened
2023-03-06 09:42:30,901 INFO B.BaseTest [main] ASSERT 2 - Alerts form opened
2023-03-06 09:42:31,073 INFO B.BaseElement [main] Button shows alert clicked
2023-03-06 09:42:31,092 INFO B.BaseTest [main] ASSERT 3 - Simple alert opened
2023-03-06 09:42:31,127 INFO B.BaseTest [main] ASSERT 4 - Simple alert closed
2023-03-06 09:42:31,283 INFO B.BaseElement [main] Button shows confirm alert clicked
2023-03-06 09:42:31,293 INFO B.BaseTest [main] ASSERT 5 - Confirm alert opened
2023-03-06 09:42:31,374 INFO B.BaseTest [main] ASSERT 6 - Confirm alert closed and 'Ok' was selected
2023-03-06 09:42:31,543 INFO B.BaseElement [main] Button shows promt alert clicked
2023-03-06 09:42:31,560 INFO B.BaseTest [main] ASSERT 7 - Prompt alert opened
2023-03-06 09:42:31,562 INFO B.BaseTest [main] Random string generated: 8BgPMabP
2023-03-06 09:42:31,636 INFO B.BaseTest [main] ASSERT 8 - Prompt alert closed and entered name match with showed
2023-03-06 09:42:31,640 INFO B.BaseTest [main] TEST FRAMES STARTED
2023-03-06 09:42:31,640 INFO B.BaseForm [main] Home page instance created with BaseForm constructor
2023-03-06 09:42:31,640 INFO B.BaseElement [main] List of cards on Home Page instance created with BaseElement constructor
2023-03-06 09:42:31,640 INFO B.BaseForm [main] Workspace Page instance created with BaseForm constructor
2023-03-06 09:42:31,640 INFO B.BaseElement [main] nav-menu instance created with BaseElement constructor
2023-03-06 09:42:31,640 INFO B.BaseElement [main] DropDown navigation list instance created with BaseElement constructor
2023-03-06 09:42:31,641 INFO B.BaseForm [main] Nested Frame form instance created with BaseForm constructor
2023-03-06 09:42:31,643 INFO B.BaseElement [main] Parent frame instance created with BaseElement constructor
2023-03-06 09:42:31,643 INFO B.BaseElement [main] Child frame instance created with BaseElement constructor
2023-03-06 09:42:31,644 INFO B.BaseForm [main] Frame form instance created with BaseForm constructor
2023-03-06 09:42:31,644 INFO B.BaseElement [main] Big frame instance created with BaseElement constructor
2023-03-06 09:42:31,644 INFO B.BaseElement [main] Small frame instance created with BaseElement constructor
2023-03-06 09:42:32,337 INFO B.BaseForm [main] Home page opened
2023-03-06 09:42:32,353 INFO B.BaseTest [main] ASSERT 1 - Home Page opened
2023-03-06 09:42:32,353 INFO B.BaseElement [main] Alerts instance created with BaseElement constructor
2023-03-06 09:42:32,463 INFO B.BaseElement [main] Alerts instance created with BaseElement constructor
2023-03-06 09:42:32,714 INFO B.BaseForm [main] Workspace Page opened
2023-03-06 09:42:32,741 INFO B.BaseElement [main] Nested Frames instance created with BaseElement constructor
2023-03-06 09:42:32,784 INFO B.BaseElement [main] Nested Frames instance created with BaseElement constructor
2023-03-06 09:42:33,040 INFO B.BaseElement [main] Nested Frames clicked
2023-03-06 09:42:33,040 INFO B.BaseForm [main] Nested Frame form opened
2023-03-06 09:42:33,115 INFO B.BaseTest [main] ASSERT 2 - Nested Frames Page opened
2023-03-06 09:42:33,116 INFO B.BaseElement [main] Browser switched to frame: Parent frame
2023-03-06 09:42:33,261 INFO B.BaseElement [main] Browser switched to frame: Child frame
2023-03-06 09:42:33,417 INFO B.BaseTest [main] ASSERT 2 - There are messages: Parent frame, Child Iframe
2023-03-06 09:42:33,418 INFO B.BaseElement [main] Browser switched to frame: Default Content
2023-03-06 09:42:33,430 INFO B.BaseElement [main] Frames instance created with BaseElement constructor
2023-03-06 09:42:33,480 INFO B.BaseElement [main] Frames instance created with BaseElement constructor
2023-03-06 09:42:33,651 INFO B.BaseElement [main] Frames clicked
2023-03-06 09:42:33,652 INFO B.BaseForm [main] Frame form opened
2023-03-06 09:42:33,675 INFO B.BaseTest [main] ASSERT 3 - Frames Page opened
2023-03-06 09:42:33,675 INFO B.BaseElement [main] Browser switched to frame: Big frame
2023-03-06 09:42:33,792 INFO B.BaseElement [main] Browser switched to frame: Default Content
2023-03-06 09:42:33,797 INFO B.BaseElement [main] Browser switched to frame: Small frame
2023-03-06 09:42:33,884 INFO B.BaseElement [main] Browser switched to frame: Default Content
2023-03-06 09:42:33,893 INFO B.BaseTest [main] ASSERT 3 - Upper frame message equal with lower frame's
2023-03-06 09:42:33,894 INFO B.BaseTest [main] TEST HANDLES STARTED
2023-03-06 09:42:33,894 INFO B.BaseForm [main] Home page instance created with BaseForm constructor
2023-03-06 09:42:33,895 INFO B.BaseElement [main] List of cards on Home Page instance created with BaseElement constructor
2023-03-06 09:42:33,895 INFO B.BaseForm [main] Workspace Page instance created with BaseForm constructor
2023-03-06 09:42:33,895 INFO B.BaseElement [main] nav-menu instance created with BaseElement constructor
2023-03-06 09:42:33,895 INFO B.BaseElement [main] DropDown navigation list instance created with BaseElement constructor
2023-03-06 09:42:33,896 INFO B.BaseForm [main] Browser Windows form instance created with BaseForm constructor
2023-03-06 09:42:33,896 INFO B.BaseElement [main] New Tab button instance created with BaseElement constructor
2023-03-06 09:42:33,897 INFO B.BaseForm [main] Sample page in New Tab instance created with BaseForm constructor
2023-03-06 09:42:33,898 INFO B.BaseForm [main] Elements -> Links page instance created with BaseForm constructor
2023-03-06 09:42:33,899 INFO B.BaseElement [main] Home link instance created with BaseElement constructor
2023-03-06 09:42:34,724 INFO B.BaseForm [main] Home page opened
2023-03-06 09:42:34,739 INFO B.BaseTest [main] ASSERT 1 - Home Page opened
2023-03-06 09:42:34,740 INFO B.BaseElement [main] Alerts instance created with BaseElement constructor
2023-03-06 09:42:34,786 INFO B.BaseElement [main] Alerts instance created with BaseElement constructor
2023-03-06 09:42:35,027 INFO B.BaseForm [main] Workspace Page opened
2023-03-06 09:42:35,066 INFO B.BaseElement [main] Browser Windows instance created with BaseElement constructor
2023-03-06 09:42:35,123 INFO B.BaseElement [main] Browser Windows instance created with BaseElement constructor
2023-03-06 09:42:35,284 INFO B.BaseElement [main] Browser Windows clicked
2023-03-06 09:42:35,284 INFO B.BaseForm [main] Browser Windows form opened
2023-03-06 09:42:35,300 INFO B.BaseTest [main] ASSERT 2 - Browser Windows form opened
2023-03-06 09:42:35,510 INFO B.BaseElement [main] New Tab button clicked
2023-03-06 09:42:35,531 INFO B.BaseForm [main] Sample page in New Tab opened
2023-03-06 09:42:35,618 INFO B.BaseTest [main] ASSERT 3 - Sample page opened in new tab
2023-03-06 09:42:35,682 INFO B.BaseForm [main] Browser Windows form opened
2023-03-06 09:42:35,694 INFO B.BaseTest [main] ASSERT 4 - Tab closed, returning to previous page
2023-03-06 09:42:35,694 INFO B.BaseForm [main] Workspace Page opened
2023-03-06 09:42:35,702 INFO B.BaseElement [main] Elements instance created with BaseElement constructor
2023-03-06 09:42:35,771 INFO B.BaseElement [main] Elements instance created with BaseElement constructor
2023-03-06 09:42:35,939 INFO B.BaseElement [main] Elements clicked
2023-03-06 09:42:35,939 INFO B.BaseForm [main] Workspace Page opened
2023-03-06 09:42:36,000 INFO B.BaseElement [main] Links instance created with BaseElement constructor
2023-03-06 09:42:36,047 INFO B.BaseElement [main] Links instance created with BaseElement constructor
2023-03-06 09:42:36,180 INFO B.BaseElement [main] Links clicked
2023-03-06 09:42:36,180 INFO B.BaseForm [main] Elements -> Links page opened
2023-03-06 09:42:36,199 INFO B.BaseTest [main] ASSERT 5 - Links Page opened
2023-03-06 09:42:36,349 INFO B.BaseElement [main] Home link clicked
2023-03-06 09:42:36,368 INFO B.BaseForm [main] Home page opened
2023-03-06 09:42:37,479 INFO B.BaseTest [main] ASSERT 6 - Home Page opened in new tab
2023-03-06 09:42:37,500 INFO B.BaseForm [main] Elements -> Links page opened
2023-03-06 09:42:37,524 INFO B.BaseTest [main] ASSERT 7 - Return to the Links Page
2023-03-06 09:42:37,608 INFO B.BaseForm [main] List of users init from resources\users.json
2023-03-06 09:42:37,624 INFO B.BaseTest [main] TEST TABLES STARTED
2023-03-06 09:42:37,625 INFO B.BaseForm [main] Home page instance created with BaseForm constructor
2023-03-06 09:42:37,625 INFO B.BaseElement [main] List of cards on Home Page instance created with BaseElement constructor
2023-03-06 09:42:37,625 INFO B.BaseForm [main] Workspace Page instance created with BaseForm constructor
2023-03-06 09:42:37,625 INFO B.BaseElement [main] nav-menu instance created with BaseElement constructor
2023-03-06 09:42:37,625 INFO B.BaseElement [main] DropDown navigation list instance created with BaseElement constructor
2023-03-06 09:42:37,627 INFO B.BaseForm [main] Web Tables page instance created with BaseForm constructor
2023-03-06 09:42:37,628 INFO B.BaseElement [main] Users Table body instance created with BaseElement constructor
2023-03-06 09:42:37,629 INFO B.BaseElement [main] Add button instance created with BaseElement constructor
2023-03-06 09:42:37,631 INFO B.BaseForm [main] Registration form instance created with BaseForm constructor
2023-03-06 09:42:37,631 INFO B.BaseElement [main] Submit button for registration form instance created with BaseElement constructor
2023-03-06 09:42:37,633 INFO B.BaseElement [main] First name input field instance created with BaseElement constructor
2023-03-06 09:42:37,633 INFO B.BaseElement [main] Last name input field instance created with BaseElement constructor
2023-03-06 09:42:37,633 INFO B.BaseElement [main] Email input field instance created with BaseElement constructor
2023-03-06 09:42:37,633 INFO B.BaseElement [main] Age input field instance created with BaseElement constructor
2023-03-06 09:42:37,634 INFO B.BaseElement [main] Salary input field instance created with BaseElement constructor
2023-03-06 09:42:37,634 INFO B.BaseElement [main] Department input field instance created with BaseElement constructor
2023-03-06 09:42:37,634 INFO B.BaseElement [main] Close registration form button instance created with BaseElement constructor
2023-03-06 09:42:38,601 INFO B.BaseForm [main] Home page opened
2023-03-06 09:42:38,616 INFO B.BaseTest [main] ASSERT 1 - Home Page opened
2023-03-06 09:42:38,616 INFO B.BaseElement [main] Elements instance created with BaseElement constructor
2023-03-06 09:42:38,674 INFO B.BaseElement [main] Elements instance created with BaseElement constructor
2023-03-06 09:42:39,049 INFO B.BaseForm [main] Workspace Page opened
2023-03-06 09:42:39,070 INFO B.BaseElement [main] Web Tables instance created with BaseElement constructor
2023-03-06 09:42:39,119 INFO B.BaseElement [main] Web Tables instance created with BaseElement constructor
2023-03-06 09:42:39,484 INFO B.BaseElement [main] Web Tables clicked
2023-03-06 09:42:39,484 INFO B.BaseForm [main] Web Tables page opened
2023-03-06 09:42:39,550 INFO B.BaseTest [main] ASSERT 2 - Web Tables Page opened
2023-03-06 09:42:39,702 INFO B.BaseElement [main] Add button clicked
2023-03-06 09:42:39,702 INFO B.BaseForm [main] Registration form opened
2023-03-06 09:42:39,728 INFO B.BaseTest [main] ASSERT 3 - Registration form appeared
2023-03-06 09:42:39,896 INFO B.BaseElement [main] In First name input field sent text: Jon
2023-03-06 09:42:40,040 INFO B.BaseElement [main] In Last name input field sent text: Snow
2023-03-06 09:42:40,247 INFO B.BaseElement [main] In Email input field sent text: knownothing@gmail.com
2023-03-06 09:42:40,391 INFO B.BaseElement [main] In Age input field sent text: 30
2023-03-06 09:42:40,523 INFO B.BaseElement [main] In Salary input field sent text: 3000
2023-03-06 09:42:40,658 INFO B.BaseElement [main] In Department input field sent text: alpha
2023-03-06 09:42:40,759 INFO B.BaseElement [main] Submit button for registration form clicked
2023-03-06 09:42:40,807 INFO B.BaseElement [main] From Users Table body gotten list of rows
2023-03-06 09:42:41,486 INFO B.BaseTest [main] ASSERT 4 - Registration form closed and sent user appear in the User Table
2023-03-06 09:42:41,496 INFO B.BaseElement [main] From Users Table body gotten list of rows
2023-03-06 09:42:41,930 INFO B.BaseElement [main] From Users Table body gotten list of rows
2023-03-06 09:42:42,426 INFO B.BaseElement [main] From Users Table body gotten list of rows
2023-03-06 09:42:42,729 INFO B.BaseTest [main] ASSERT 5 - Exact user deleted from the User Table
2023-03-06 09:42:42,731 INFO B.BaseTest [main] TEST TABLES STARTED
2023-03-06 09:42:42,731 INFO B.BaseForm [main] Home page instance created with BaseForm constructor
2023-03-06 09:42:42,731 INFO B.BaseElement [main] List of cards on Home Page instance created with BaseElement constructor
2023-03-06 09:42:42,731 INFO B.BaseForm [main] Workspace Page instance created with BaseForm constructor
2023-03-06 09:42:42,731 INFO B.BaseElement [main] nav-menu instance created with BaseElement constructor
2023-03-06 09:42:42,732 INFO B.BaseElement [main] DropDown navigation list instance created with BaseElement constructor
2023-03-06 09:42:42,732 INFO B.BaseForm [main] Web Tables page instance created with BaseForm constructor
2023-03-06 09:42:42,732 INFO B.BaseElement [main] Users Table body instance created with BaseElement constructor
2023-03-06 09:42:42,732 INFO B.BaseElement [main] Add button instance created with BaseElement constructor
2023-03-06 09:42:42,732 INFO B.BaseForm [main] Registration form instance created with BaseForm constructor
2023-03-06 09:42:42,732 INFO B.BaseElement [main] Submit button for registration form instance created with BaseElement constructor
2023-03-06 09:42:42,732 INFO B.BaseElement [main] First name input field instance created with BaseElement constructor
2023-03-06 09:42:42,732 INFO B.BaseElement [main] Last name input field instance created with BaseElement constructor
2023-03-06 09:42:42,732 INFO B.BaseElement [main] Email input field instance created with BaseElement constructor
2023-03-06 09:42:42,732 INFO B.BaseElement [main] Age input field instance created with BaseElement constructor
2023-03-06 09:42:42,732 INFO B.BaseElement [main] Salary input field instance created with BaseElement constructor
2023-03-06 09:42:42,732 INFO B.BaseElement [main] Department input field instance created with BaseElement constructor
2023-03-06 09:42:42,732 INFO B.BaseElement [main] Close registration form button instance created with BaseElement constructor
2023-03-06 09:42:43,312 INFO B.BaseForm [main] Home page opened
2023-03-06 09:42:43,320 INFO B.BaseTest [main] ASSERT 1 - Home Page opened
2023-03-06 09:42:43,320 INFO B.BaseElement [main] Elements instance created with BaseElement constructor
2023-03-06 09:42:43,352 INFO B.BaseElement [main] Elements instance created with BaseElement constructor
2023-03-06 09:42:43,662 INFO B.BaseForm [main] Workspace Page opened
2023-03-06 09:42:43,689 INFO B.BaseElement [main] Web Tables instance created with BaseElement constructor
2023-03-06 09:42:43,731 INFO B.BaseElement [main] Web Tables instance created with BaseElement constructor
2023-03-06 09:42:44,082 INFO B.BaseElement [main] Web Tables clicked
2023-03-06 09:42:44,082 INFO B.BaseForm [main] Web Tables page opened
2023-03-06 09:42:44,102 INFO B.BaseTest [main] ASSERT 2 - Web Tables Page opened
2023-03-06 09:42:44,230 INFO B.BaseElement [main] Add button clicked
2023-03-06 09:42:44,230 INFO B.BaseForm [main] Registration form opened
2023-03-06 09:42:44,243 INFO B.BaseTest [main] ASSERT 3 - Registration form appeared
2023-03-06 09:42:44,447 INFO B.BaseElement [main] In First name input field sent text: Buttercup
2023-03-06 09:42:44,607 INFO B.BaseElement [main] In Last name input field sent text: Cumbersnatch
2023-03-06 09:42:44,822 INFO B.BaseElement [main] In Email input field sent text: BudapestCandygram@mail.io
2023-03-06 09:42:44,932 INFO B.BaseElement [main] In Age input field sent text: 41
2023-03-06 09:42:45,067 INFO B.BaseElement [main] In Salary input field sent text: 2000
2023-03-06 09:42:45,202 INFO B.BaseElement [main] In Department input field sent text: beta
2023-03-06 09:42:45,310 INFO B.BaseElement [main] Submit button for registration form clicked
2023-03-06 09:42:45,351 INFO B.BaseElement [main] From Users Table body gotten list of rows
2023-03-06 09:42:46,144 INFO B.BaseTest [main] ASSERT 4 - Registration form closed and sent user appear in the User Table
2023-03-06 09:42:46,152 INFO B.BaseElement [main] From Users Table body gotten list of rows
2023-03-06 09:42:46,621 INFO B.BaseElement [main] From Users Table body gotten list of rows
2023-03-06 09:42:47,134 INFO B.BaseElement [main] From Users Table body gotten list of rows
2023-03-06 09:42:47,452 INFO B.BaseTest [main] ASSERT 5 - Exact user deleted from the User Table
2023-03-06 09:42:47,890 INFO D.Driver [main] Driver closed
2023-03-06 09:42:47,890 INFO B.BaseTest [main] SUIT FINISHED
